<?xml version="1.0" encoding="UTF-8"?>
<!-- Generated by org.testng.reporters.JUnitReportReporter -->
<testsuite hostname="DESKTOP-N22QR8J" failures="0" tests="3" name="PragatiTraining.StringProject.StringConcatData" time="0.024" errors="0" timestamp="2021-05-24T09:54:56 IST" skipped="0">
  <testcase classname="PragatiTraining.StringProject.StringConcatData" name="TestConcatinationWithPositiveValues" time="0.012"/>
  <system-out/>
  <testcase classname="PragatiTraining.StringProject.StringConcatData" name="TestConcatinationWithPositiveValues" time="0.002"/>
  <system-out/>
  <testcase classname="PragatiTraining.StringProject.StringConcatData" name="TestConcatinationWithPositiveValues" time="0.010"/>
  <system-out/>
</testsuite> <!-- PragatiTraining.StringProject.StringConcatData -->
